[35m[Appium][39m Welcome to Appium v1.19.0
[35m[Appium][39m Non-default server args:
[35m[Appium][39m   port: 63263
[35m[Appium][39m   loglevel: info
[35m[Appium][39m   tmpDir: C:\Users\thang\AppData\Local\Temp\\Katalon\Appium\Temp1607067027326
[35m[Appium][39m   chromedriverPort: 63264
[35m[Appium][39m Deprecated server args:
[35m[Appium][39m   [31m--chromedriver-port[39m => --default-capabilities
[35m[Appium][39m Default capabilities, which will be added to each request unless overridden by desired capabilities:
[35m[Appium][39m   chromedriverPort: 63264
[35m[Appium][39m Appium REST http interface listener started on 0.0.0.0:63263
[35m[HTTP][39m [37m-->[39m [37mGET[39m [37m/wd/hub/status[39m
[35m[HTTP][39m [90m{}[39m
[35m[HTTP][39m [37m<-- GET /wd/hub/status [39m[32m200[39m [90m8 ms - 68[39m
[35m[HTTP][39m [90m[39m
[35m[HTTP][39m [37m-->[39m [37mGET[39m [37m/wd/hub/status[39m
[35m[HTTP][39m [90m{}[39m
[35m[HTTP][39m [37m<-- GET /wd/hub/status [39m[32m200[39m [90m2 ms - 68[39m
[35m[HTTP][39m [90m[39m
[35m[HTTP][39m [37m-->[39m [37mPOST[39m [37m/wd/hub/session[39m
[35m[HTTP][39m [90m{"desiredCapabilities":{"app":"C:\\Users\\thang\\Desktop\\Katalon\\Mobile\\androidapp\\APIDemos.apk","noReset":true,"deviceName":"vsmart Active 3 (Android 10)","fullReset":false,"platform":"ANDROID","newCommandTimeout":1800,"platformVersion":"10","automationName":"uiautomator2","autoGrantPermissions":true,"platformName":"Android","udid":"BAB00011523","systemPort":63269},"capabilities":{"firstMatch":[{"appium:app":"C:\\Users\\thang\\Desktop\\Katalon\\Mobile\\androidapp\\APIDemos.apk","appium:autoGrantPermissions":true,"appium:automationName":"uiautomator2","appium:deviceName":"vsmart Active 3 (Android 10)","appium:fullReset":false,"appium:newCommandTimeout":1800,"appium:noReset":true,"platform":"ANDROID","platformName":"android","appium:platformVersion":"10","appium:systemPort":63269,"appium:udid":"BAB00011523"}]}}[39m
[35m[BaseDriver][39m The following capabilities are not standard capabilities and should have an extension prefix:
[35m[BaseDriver][39m   platform
[35m[BaseDriver][39m   chromedriverPort
[35m[Appium][39m Appium v1.19.0 creating new AndroidUiautomator2Driver (v1.59.0) session
[35m[BaseDriver][39m The following capabilities were provided, but are not recognized by Appium:
[35m[BaseDriver][39m   platform
[35m[BaseDriver][39m Session created with session id: ed127632-d839-42ff-b251-08d9d6b78c32
[35m[BaseDriver][39m Using local app 'C:\Users\thang\Desktop\Katalon\Mobile\androidapp\APIDemos.apk'
[35m[ADB][39m Found 1 'build-tools' folders under 'C:\Users\thang\.katalon\tools\android_sdk' (newest first):
[35m[ADB][39m     C:/Users/thang/.katalon/tools/android_sdk/build-tools/29.0.3
[35m[ADB][39m Using 'adb.exe' from 'C:\Users\thang\.katalon\tools\android_sdk\platform-tools\adb.exe'
[35m[AndroidDriver][39m Retrieving device list
[35m[AndroidDriver][39m Using device: BAB00011523
[35m[ADB][39m Using 'adb.exe' from 'C:\Users\thang\.katalon\tools\android_sdk\platform-tools\adb.exe'
[35m[ADB][39m Getting device platform version
[35m[UiAutomator2][39m Relaxing hidden api policy
[35m[ADB][39m Package name: 'com.hmh.api'
[35m[ADB][39m Main activity name: 'com.hmh.api.ApiDemos'
[35m[ADB][39m Using 'apksigner.jar' from 'C:\Users\thang\.katalon\tools\android_sdk\build-tools\29.0.3\lib\apksigner.jar'
[35m[ADB][39m 'C:\Users\thang\AppData\Roaming\npm\node_modules\appium\node_modules\appium-uiautomator2-server\apks\appium-uiautomator2-server-v4.15.0.apk' is signed with the default certificate
[35m[ADB][39m 'C:\Users\thang\AppData\Roaming\npm\node_modules\appium\node_modules\appium-uiautomator2-server\apks\appium-uiautomator2-server-debug-androidTest.apk' is signed with the default certificate
[35m[UiAutomator2][39m Server packages are not going to be (re)installed
[35m[ADB][39m 'C:\Users\thang\Desktop\Katalon\Mobile\androidapp\APIDemos.apk' is signed with the default certificate
[35m[ADB][39m The application at 'C:\Users\thang\Desktop\Katalon\Mobile\androidapp\APIDemos.apk' will not be cached, because the device under test has confirmed the support of streamed installs
[35m[ADB][39m The installation of 'APIDemos.apk' took 4635ms
[35m[UiAutomator2][39m Starting UIAutomator2 server 4.15.0
[35m[UiAutomator2][39m Using UIAutomator2 server from 'C:\Users\thang\AppData\Roaming\npm\node_modules\appium\node_modules\appium-uiautomator2-server\apks\appium-uiautomator2-server-v4.15.0.apk' and test from 'C:\Users\thang\AppData\Roaming\npm\node_modules\appium\node_modules\appium-uiautomator2-server\apks\appium-uiautomator2-server-debug-androidTest.apk'
[35m[UiAutomator2][39m Waiting up to 30000ms for UiAutomator2 to be online...
[35m[WD Proxy][39m socket hang up
[35m[WD Proxy][39m socket hang up
[35m[WD Proxy][39m Determined the downstream protocol as 'W3C'
[35m[AndroidDriver][39m Screen already unlocked, doing nothing
[35m[UiAutomator2][39m Starting 'com.hmh.api/com.hmh.api.ApiDemos and waiting for 'com.hmh.api/com.hmh.api.ApiDemos'
[35m[Appium][39m New AndroidUiautomator2Driver session created successfully, session ed127632-d839-42ff-b251-08d9d6b78c32 added to master session list
[35m[HTTP][39m [37m<-- POST /wd/hub/session [39m[32m200[39m [90m13556 ms - 1277[39m
[35m[HTTP][39m [90m[39m
[35m[HTTP][39m [37m-->[39m [37mGET[39m [37m/wd/hub/session/ed127632-d839-42ff-b251-08d9d6b78c32[39m
[35m[HTTP][39m [90m{}[39m
[35m[HTTP][39m [37m<-- GET /wd/hub/session/ed127632-d839-42ff-b251-08d9d6b78c32 [39m[32m200[39m [90m14 ms - 1231[39m
[35m[HTTP][39m [90m[39m
[35m[HTTP][39m [37m-->[39m [37mGET[39m [37m/wd/hub/session/ed127632-d839-42ff-b251-08d9d6b78c32[39m
[35m[HTTP][39m [90m{}[39m
[35m[HTTP][39m [37m<-- GET /wd/hub/session/ed127632-d839-42ff-b251-08d9d6b78c32 [39m[32m200[39m [90m14 ms - 1231[39m
[35m[HTTP][39m [90m[39m
[35m[HTTP][39m [37m-->[39m [37mGET[39m [37m/wd/hub/status[39m
[35m[HTTP][39m [90m{}[39m
[35m[HTTP][39m [37m<-- GET /wd/hub/status [39m[32m200[39m [90m1 ms - 68[39m
[35m[HTTP][39m [90m[39m
[35m[HTTP][39m [37m-->[39m [37mPOST[39m [37m/wd/hub/session/ed127632-d839-42ff-b251-08d9d6b78c32/timeouts[39m
[35m[HTTP][39m [90m{"implicit":60000}[39m
[35m[HTTP][39m [37m<-- POST /wd/hub/session/ed127632-d839-42ff-b251-08d9d6b78c32/timeouts [39m[32m200[39m [90m6 ms - 14[39m
[35m[HTTP][39m [90m[39m
[35m[HTTP][39m [37m-->[39m [37mGET[39m [37m/wd/hub/session/ed127632-d839-42ff-b251-08d9d6b78c32/source[39m
[35m[HTTP][39m [90m{}[39m
[35m[W3C (ed127632)][39m Driver proxy active, passing request on via HTTP proxy
[35m[WD Proxy][39m Replacing sessionId 1766a008-878b-407d-a254-93619a6dde13 with ed127632-d839-42ff-b251-08d9d6b78c32
[35m[HTTP][39m [37m<-- GET /wd/hub/session/ed127632-d839-42ff-b251-08d9d6b78c32/source [39m[32m200[39m [90m120 ms - 7560[39m
[35m[HTTP][39m [90m[39m
[35m[HTTP][39m [37m-->[39m [37mGET[39m [37m/wd/hub/session/ed127632-d839-42ff-b251-08d9d6b78c32/screenshot[39m
[35m[HTTP][39m [90m{}[39m
[35m[HTTP][39m [37m<-- GET /wd/hub/session/ed127632-d839-42ff-b251-08d9d6b78c32/screenshot [39m[32m200[39m [90m691 ms - 225134[39m
[35m[HTTP][39m [90m[39m
[35m[HTTP][39m [37m-->[39m [37mGET[39m [37m/wd/hub/session/ed127632-d839-42ff-b251-08d9d6b78c32/source[39m
[35m[HTTP][39m [90m{}[39m
[35m[W3C (ed127632)][39m Driver proxy active, passing request on via HTTP proxy
[35m[WD Proxy][39m Replacing sessionId 1766a008-878b-407d-a254-93619a6dde13 with ed127632-d839-42ff-b251-08d9d6b78c32
[35m[HTTP][39m [37m<-- GET /wd/hub/session/ed127632-d839-42ff-b251-08d9d6b78c32/source [39m[32m200[39m [90m956 ms - 8075[39m
[35m[HTTP][39m [90m[39m
[35m[HTTP][39m [37m-->[39m [37mGET[39m [37m/wd/hub/session/ed127632-d839-42ff-b251-08d9d6b78c32/screenshot[39m
[35m[HTTP][39m [90m{}[39m
[35m[HTTP][39m [37m<-- GET /wd/hub/session/ed127632-d839-42ff-b251-08d9d6b78c32/screenshot [39m[32m200[39m [90m655 ms - 176408[39m
[35m[HTTP][39m [90m[39m
[35m[HTTP][39m [37m-->[39m [37mGET[39m [37m/wd/hub/session/ed127632-d839-42ff-b251-08d9d6b78c32/source[39m
[35m[HTTP][39m [90m{}[39m
[35m[W3C (ed127632)][39m Driver proxy active, passing request on via HTTP proxy
[35m[WD Proxy][39m Replacing sessionId 1766a008-878b-407d-a254-93619a6dde13 with ed127632-d839-42ff-b251-08d9d6b78c32
[35m[HTTP][39m [37m<-- GET /wd/hub/session/ed127632-d839-42ff-b251-08d9d6b78c32/source [39m[32m200[39m [90m458 ms - 7652[39m
[35m[HTTP][39m [90m[39m
[35m[HTTP][39m [37m-->[39m [37mGET[39m [37m/wd/hub/session/ed127632-d839-42ff-b251-08d9d6b78c32/screenshot[39m
[35m[HTTP][39m [90m{}[39m
[35m[HTTP][39m [37m<-- GET /wd/hub/session/ed127632-d839-42ff-b251-08d9d6b78c32/screenshot [39m[32m200[39m [90m671 ms - 176834[39m
[35m[HTTP][39m [90m[39m
[35m[HTTP][39m [37m-->[39m [37mGET[39m [37m/wd/hub/session/ed127632-d839-42ff-b251-08d9d6b78c32/source[39m
[35m[HTTP][39m [90m{}[39m
[35m[W3C (ed127632)][39m Driver proxy active, passing request on via HTTP proxy
[35m[WD Proxy][39m Replacing sessionId 1766a008-878b-407d-a254-93619a6dde13 with ed127632-d839-42ff-b251-08d9d6b78c32
[35m[HTTP][39m [37m<-- GET /wd/hub/session/ed127632-d839-42ff-b251-08d9d6b78c32/source [39m[32m200[39m [90m1375 ms - 8092[39m
[35m[HTTP][39m [90m[39m
[35m[HTTP][39m [37m-->[39m [37mGET[39m [37m/wd/hub/session/ed127632-d839-42ff-b251-08d9d6b78c32/screenshot[39m
[35m[HTTP][39m [90m{}[39m
[35m[HTTP][39m [37m<-- GET /wd/hub/session/ed127632-d839-42ff-b251-08d9d6b78c32/screenshot [39m[32m200[39m [90m688 ms - 158748[39m
[35m[HTTP][39m [90m[39m
[35m[HTTP][39m [37m-->[39m [37mGET[39m [37m/wd/hub/session/ed127632-d839-42ff-b251-08d9d6b78c32/source[39m
[35m[HTTP][39m [90m{}[39m
[35m[W3C (ed127632)][39m Driver proxy active, passing request on via HTTP proxy
[35m[WD Proxy][39m Replacing sessionId 1766a008-878b-407d-a254-93619a6dde13 with ed127632-d839-42ff-b251-08d9d6b78c32
[35m[HTTP][39m [37m<-- GET /wd/hub/session/ed127632-d839-42ff-b251-08d9d6b78c32/source [39m[32m200[39m [90m158 ms - 7652[39m
[35m[HTTP][39m [90m[39m
[35m[HTTP][39m [37m-->[39m [37mGET[39m [37m/wd/hub/session/ed127632-d839-42ff-b251-08d9d6b78c32/screenshot[39m
[35m[HTTP][39m [90m{}[39m
[35m[HTTP][39m [37m<-- GET /wd/hub/session/ed127632-d839-42ff-b251-08d9d6b78c32/screenshot [39m[32m200[39m [90m682 ms - 176834[39m
[35m[HTTP][39m [90m[39m
[35m[HTTP][39m [37m-->[39m [37mPOST[39m [37m/wd/hub/session/ed127632-d839-42ff-b251-08d9d6b78c32/elements[39m
[35m[HTTP][39m [90m{"using":"id","value":"android:id/text1"}[39m
[35m[HTTP][39m [37m<-- POST /wd/hub/session/ed127632-d839-42ff-b251-08d9d6b78c32/elements [39m[32m200[39m [90m94 ms - 1419[39m
[35m[HTTP][39m [90m[39m
[35m[HTTP][39m [37m-->[39m [37mPOST[39m [37m/wd/hub/session/ed127632-d839-42ff-b251-08d9d6b78c32/elements[39m
[35m[HTTP][39m [90m{"using":"-android uiautomator","value":"new UiSelector().className(\"android.widget.TextView\").text(\"Accessibility\").resourceId(\"android:id/text1\").packageName(\"com.hmh.api\").enabled(true).clickable(true).longClickable(false).checkable(false).checked(false).focusable(false).focused(false).scrollable(false).selected(false).index(0)"}[39m
[35m[HTTP][39m [37m<-- POST /wd/hub/session/ed127632-d839-42ff-b251-08d9d6b78c32/elements [39m[32m200[39m [90m143 ms - 139[39m
[35m[HTTP][39m [90m[39m
[35m[HTTP][39m [37m-->[39m [37mGET[39m [37m/wd/hub/session/ed127632-d839-42ff-b251-08d9d6b78c32/source[39m
[35m[HTTP][39m [90m{}[39m
[35m[W3C (ed127632)][39m Driver proxy active, passing request on via HTTP proxy
[35m[WD Proxy][39m Replacing sessionId 1766a008-878b-407d-a254-93619a6dde13 with ed127632-d839-42ff-b251-08d9d6b78c32
[35m[HTTP][39m [37m<-- GET /wd/hub/session/ed127632-d839-42ff-b251-08d9d6b78c32/source [39m[32m200[39m [90m493 ms - 8926[39m
[35m[HTTP][39m [90m[39m
[35m[HTTP][39m [37m-->[39m [37mGET[39m [37m/wd/hub/session/ed127632-d839-42ff-b251-08d9d6b78c32/screenshot[39m
[35m[HTTP][39m [90m{}[39m
[35m[HTTP][39m [37m<-- GET /wd/hub/session/ed127632-d839-42ff-b251-08d9d6b78c32/screenshot [39m[32m200[39m [90m857 ms - 214422[39m
[35m[HTTP][39m [90m[39m
[35m[HTTP][39m [37m-->[39m [37mDELETE[39m [37m/wd/hub/session/ed127632-d839-42ff-b251-08d9d6b78c32[39m
[35m[HTTP][39m [90m{}[39m
[35m[Appium][39m Removing session ed127632-d839-42ff-b251-08d9d6b78c32 from our master session list
[35m[UiAutomator2][39m Restoring hidden api policy to the device default configuration
[35m[HTTP][39m [37m<-- DELETE /wd/hub/session/ed127632-d839-42ff-b251-08d9d6b78c32 [39m[32m200[39m [90m381 ms - 14[39m
[35m[HTTP][39m [90m[39m
